# JRE version: OpenJDK Runtime Environment (8.0_152-b01) (build 1.8.0_152-release-1343-b01)
# Java VM: OpenJDK 64-Bit Server VM (25.152-b01 mixed mode windows-amd64 compressed oops)
Heap:
 PSYoungGen      total 261632K, used 87337K [0x00000000e0000000, 0x00000000f1e80000, 0x0000000100000000)
  eden space 241152K, 27% used [0x00000000e0000000,0x00000000e414ca18,0x00000000eeb80000)
  from space 20480K, 99% used [0x00000000f0480000,0x00000000f187dbc8,0x00000000f1880000)
  to   space 25600K, 0% used [0x00000000eeb80000,0x00000000eeb80000,0x00000000f0480000)
 ParOldGen       total 66048K, used 47886K [0x00000000a0000000, 0x00000000a4080000, 0x00000000e0000000)
  object space 66048K, 72% used [0x00000000a0000000,0x00000000a2ec3a40,0x00000000a4080000)
 Metaspace       used 80961K, capacity 84128K, committed 84480K, reserved 1122304K
  class space    used 10312K, capacity 10906K, committed 11008K, reserved 1048576K
GC Heap History (10 events):
Event: 60.174 GC heap before
{Heap before GC invocations=17 (full 3):
 PSYoungGen      total 189440K, used 8238K [0x00000000e0000000, 0x00000000ecd80000, 0x0000000100000000)
  eden space 174080K, 0% used [0x00000000e0000000,0x00000000e0000000,0x00000000eaa00000)
  from space 15360K, 53% used [0x00000000eb900000,0x00000000ec10b830,0x00000000ec800000)
  to   space 15360K, 0% used [0x00000000eaa00000,0x00000000eaa00000,0x00000000eb900000)
 ParOldGen       total 38912K, used 32721K [0x00000000a0000000, 0x00000000a2600000, 0x00000000e0000000)
  object space 38912K, 84% used [0x00000000a0000000,0x00000000a1ff47e8,0x00000000a2600000)
 Metaspace       used 57510K, capacity 58994K, committed 59096K, reserved 1099776K
  class space    used 7604K, capacity 7982K, committed 8064K, reserved 1048576K
Event: 61.785 GC heap after
Heap after GC invocations=17 (full 3):
 PSYoungGen      total 189440K, used 0K [0x00000000e0000000, 0x00000000ecd80000, 0x0000000100000000)
  eden space 174080K, 0% used [0x00000000e0000000,0x00000000e0000000,0x00000000eaa00000)
  from space 15360K, 0% used [0x00000000eb900000,0x00000000eb900000,0x00000000ec800000)
  to   space 15360K, 0% used [0x00000000eaa00000,0x00000000eaa00000,0x00000000eb900000)
 ParOldGen       total 66048K, used 31735K [0x00000000a0000000, 0x00000000a4080000, 0x00000000e0000000)
  object space 66048K, 48% used [0x00000000a0000000,0x00000000a1efdc20,0x00000000a4080000)
 Metaspace       used 57483K, capacity 58906K, committed 59096K, reserved 1099776K
  class space    used 7597K, capacity 7974K, committed 8064K, reserved 1048576K
}
Event: 91.886 GC heap before
{Heap before GC invocations=18 (full 3):
 PSYoungGen      total 189440K, used 174080K [0x00000000e0000000, 0x00000000ecd80000, 0x0000000100000000)
  eden space 174080K, 100% used [0x00000000e0000000,0x00000000eaa00000,0x00000000eaa00000)
  from space 15360K, 0% used [0x00000000eb900000,0x00000000eb900000,0x00000000ec800000)
  to   space 15360K, 0% used [0x00000000eaa00000,0x00000000eaa00000,0x00000000eb900000)
 ParOldGen       total 66048K, used 31735K [0x00000000a0000000, 0x00000000a4080000, 0x00000000e0000000)
  object space 66048K, 48% used [0x00000000a0000000,0x00000000a1efdc20,0x00000000a4080000)
 Metaspace       used 67950K, capacity 70002K, committed 70144K, reserved 1110016K
  class space    used 9119K, capacity 9611K, committed 9728K, reserved 1048576K
Event: 93.701 GC heap after
Heap after GC invocations=18 (full 3):
 PSYoungGen      total 189440K, used 15343K [0x00000000e0000000, 0x00000000ef780000, 0x0000000100000000)
  eden space 174080K, 0% used [0x00000000e0000000,0x00000000e0000000,0x00000000eaa00000)
  from space 15360K, 99% used [0x00000000eaa00000,0x00000000eb8fbd78,0x00000000eb900000)
  to   space 18432K, 0% used [0x00000000ee580000,0x00000000ee580000,0x00000000ef780000)
 ParOldGen       total 66048K, used 32941K [0x00000000a0000000, 0x00000000a4080000, 0x00000000e0000000)
  object space 66048K, 49% used [0x00000000a0000000,0x00000000a202b640,0x00000000a4080000)
 Metaspace       used 67950K, capacity 70002K, committed 70144K, reserved 1110016K
  class space    used 9119K, capacity 9611K, committed 9728K, reserved 1048576K
}
Event: 255.221 GC heap before
{Heap before GC invocations=19 (full 3):
 PSYoungGen      total 189440K, used 189423K [0x00000000e0000000, 0x00000000ef780000, 0x0000000100000000)
  eden space 174080K, 100% used [0x00000000e0000000,0x00000000eaa00000,0x00000000eaa00000)
  from space 15360K, 99% used [0x00000000eaa00000,0x00000000eb8fbd78,0x00000000eb900000)
  to   space 18432K, 0% used [0x00000000ee580000,0x00000000ee580000,0x00000000ef780000)
 ParOldGen       total 66048K, used 32941K [0x00000000a0000000, 0x00000000a4080000, 0x00000000e0000000)
  object space 66048K, 49% used [0x00000000a0000000,0x00000000a202b640,0x00000000a4080000)
 Metaspace       used 74895K, capacity 77508K, committed 77696K, reserved 1116160K
  class space    used 9775K, capacity 10331K, committed 10368K, reserved 1048576K
Event: 258.453 GC heap after
Heap after GC invocations=19 (full 3):
 PSYoungGen      total 231936K, used 12004K [0x00000000e0000000, 0x00000000ef680000, 0x0000000100000000)
  eden space 214528K, 0% used [0x00000000e0000000,0x00000000e0000000,0x00000000ed180000)
  from space 17408K, 68% used [0x00000000ee580000,0x00000000ef139050,0x00000000ef680000)
  to   space 18944K, 0% used [0x00000000ed180000,0x00000000ed180000,0x00000000ee400000)
 ParOldGen       total 66048K, used 42424K [0x00000000a0000000, 0x00000000a4080000, 0x00000000e0000000)
  object space 66048K, 64% used [0x00000000a0000000,0x00000000a296e090,0x00000000a4080000)
 Metaspace       used 74895K, capacity 77508K, committed 77696K, reserved 1116160K
  class space    used 9775K, capacity 10331K, committed 10368K, reserved 1048576K
}
Event: 351.255 GC heap before
{Heap before GC invocations=20 (full 3):
 PSYoungGen      total 231936K, used 226532K [0x00000000e0000000, 0x00000000ef680000, 0x0000000100000000)
  eden space 214528K, 100% used [0x00000000e0000000,0x00000000ed180000,0x00000000ed180000)
  from space 17408K, 68% used [0x00000000ee580000,0x00000000ef139050,0x00000000ef680000)
  to   space 18944K, 0% used [0x00000000ed180000,0x00000000ed180000,0x00000000ee400000)
 ParOldGen       total 66048K, used 42424K [0x00000000a0000000, 0x00000000a4080000, 0x00000000e0000000)
  object space 66048K, 64% used [0x00000000a0000000,0x00000000a296e090,0x00000000a4080000)
 Metaspace       used 76274K, capacity 79274K, committed 79360K, reserved 1118208K
  class space    used 9841K, capacity 10421K, committed 10496K, reserved 1048576K
Event: 352.881 GC heap after
Heap after GC invocations=20 (full 3):
 PSYoungGen      total 233472K, used 14022K [0x00000000e0000000, 0x00000000f1880000, 0x0000000100000000)
  eden space 214528K, 0% used [0x00000000e0000000,0x00000000e0000000,0x00000000ed180000)
  from space 18944K, 74% used [0x00000000ed180000,0x00000000edf31b40,0x00000000ee400000)
  to   space 20480K, 0% used [0x00000000f0480000,0x00000000f0480000,0x00000000f1880000)
 ParOldGen       total 66048K, used 42432K [0x00000000a0000000, 0x00000000a4080000, 0x00000000e0000000)
  object space 66048K, 64% used [0x00000000a0000000,0x00000000a2970090,0x00000000a4080000)
 Metaspace       used 76274K, capacity 79274K, committed 79360K, reserved 1118208K
  class space    used 9841K, capacity 10421K, committed 10496K, reserved 1048576K
}
Event: 1354.614 GC heap before
{Heap before GC invocations=21 (full 3):
 PSYoungGen      total 233472K, used 228550K [0x00000000e0000000, 0x00000000f1880000, 0x0000000100000000)
  eden space 214528K, 100% used [0x00000000e0000000,0x00000000ed180000,0x00000000ed180000)
  from space 18944K, 74% used [0x00000000ed180000,0x00000000edf31b40,0x00000000ee400000)
  to   space 20480K, 0% used [0x00000000f0480000,0x00000000f0480000,0x00000000f1880000)
 ParOldGen       total 66048K, used 42432K [0x00000000a0000000, 0x00000000a4080000, 0x00000000e0000000)
  object space 66048K, 64% used [0x00000000a0000000,0x00000000a2970090,0x00000000a4080000)
 Metaspace       used 78366K, capacity 81526K, committed 81664K, reserved 1120256K
  class space    used 10053K, capacity 10679K, committed 10752K, reserved 1048576K
Event: 1360.742 GC heap after
Heap after GC invocations=21 (full 3):
 PSYoungGen      total 261632K, used 20470K [0x00000000e0000000, 0x00000000f1e80000, 0x0000000100000000)
  eden space 241152K, 0% used [0x00000000e0000000,0x00000000e0000000,0x00000000eeb80000)
  from space 20480K, 99% used [0x00000000f0480000,0x00000000f187dbc8,0x00000000f1880000)
  to   space 25600K, 0% used [0x00000000eeb80000,0x00000000eeb80000,0x00000000f0480000)
 ParOldGen       total 66048K, used 47886K [0x00000000a0000000, 0x00000000a4080000, 0x00000000e0000000)
  object space 66048K, 72% used [0x00000000a0000000,0x00000000a2ec3a40,0x00000000a4080000)
 Metaspace       used 78366K, capacity 81526K, committed 81664K, reserved 1120256K
  class space    used 10053K, capacity 10679K, committed 10752K, reserved 1048576K
}

