# JRE version: OpenJDK Runtime Environment (8.0_152-b01) (build 1.8.0_152-release-1343-b01)
# Java VM: OpenJDK 64-Bit Server VM (25.152-b01 mixed mode windows-amd64 compressed oops)
Heap:
 PSYoungGen      total 221184K, used 103927K [0x00000000e0000000, 0x00000000ef280000, 0x0000000100000000)
  eden space 204288K, 42% used [0x00000000e0000000,0x00000000e55021a0,0x00000000ec780000)
  from space 16896K, 99% used [0x00000000edc00000,0x00000000eec7bc68,0x00000000eec80000)
  to   space 20992K, 0% used [0x00000000ec780000,0x00000000ec780000,0x00000000edc00000)
 ParOldGen       total 70656K, used 35645K [0x00000000a0000000, 0x00000000a4500000, 0x00000000e0000000)
  object space 70656K, 50% used [0x00000000a0000000,0x00000000a22cf568,0x00000000a4500000)
 Metaspace       used 74608K, capacity 77230K, committed 77440K, reserved 1116160K
  class space    used 9662K, capacity 10250K, committed 10368K, reserved 1048576K
GC Heap History (10 events):
Event: 87.389 GC heap before
{Heap before GC invocations=15 (full 2):
 PSYoungGen      total 143872K, used 133120K [0x00000000e0000000, 0x00000000eac00000, 0x0000000100000000)
  eden space 133120K, 100% used [0x00000000e0000000,0x00000000e8200000,0x00000000e8200000)
  from space 10752K, 0% used [0x00000000e8c00000,0x00000000e8c00000,0x00000000e9680000)
  to   space 10240K, 0% used [0x00000000e8200000,0x00000000e8200000,0x00000000e8c00000)
 ParOldGen       total 41984K, used 16444K [0x00000000a0000000, 0x00000000a2900000, 0x00000000e0000000)
  object space 41984K, 39% used [0x00000000a0000000,0x00000000a100f290,0x00000000a2900000)
 Metaspace       used 47862K, capacity 49064K, committed 49152K, reserved 1091584K
  class space    used 6337K, capacity 6641K, committed 6656K, reserved 1048576K
Event: 88.388 GC heap after
Heap after GC invocations=15 (full 2):
 PSYoungGen      total 143360K, used 10227K [0x00000000e0000000, 0x00000000eb980000, 0x0000000100000000)
  eden space 133120K, 0% used [0x00000000e0000000,0x00000000e0000000,0x00000000e8200000)
  from space 10240K, 99% used [0x00000000e8200000,0x00000000e8bfcfc0,0x00000000e8c00000)
  to   space 14848K, 0% used [0x00000000eab00000,0x00000000eab00000,0x00000000eb980000)
 ParOldGen       total 41984K, used 24016K [0x00000000a0000000, 0x00000000a2900000, 0x00000000e0000000)
  object space 41984K, 57% used [0x00000000a0000000,0x00000000a17742c0,0x00000000a2900000)
 Metaspace       used 47862K, capacity 49064K, committed 49152K, reserved 1091584K
  class space    used 6337K, capacity 6641K, committed 6656K, reserved 1048576K
}
Event: 106.747 GC heap before
{Heap before GC invocations=16 (full 2):
 PSYoungGen      total 143360K, used 100966K [0x00000000e0000000, 0x00000000eb980000, 0x0000000100000000)
  eden space 133120K, 68% used [0x00000000e0000000,0x00000000e589c8a8,0x00000000e8200000)
  from space 10240K, 99% used [0x00000000e8200000,0x00000000e8bfcfc0,0x00000000e8c00000)
  to   space 14848K, 0% used [0x00000000eab00000,0x00000000eab00000,0x00000000eb980000)
 ParOldGen       total 41984K, used 24016K [0x00000000a0000000, 0x00000000a2900000, 0x00000000e0000000)
  object space 41984K, 57% used [0x00000000a0000000,0x00000000a17742c0,0x00000000a2900000)
 Metaspace       used 57458K, capacity 58956K, committed 59096K, reserved 1099776K
  class space    used 7594K, capacity 7949K, committed 8064K, reserved 1048576K
Event: 107.987 GC heap after
Heap after GC invocations=16 (full 2):
 PSYoungGen      total 174592K, used 9184K [0x00000000e0000000, 0x00000000ec000000, 0x0000000100000000)
  eden space 159744K, 0% used [0x00000000e0000000,0x00000000e0000000,0x00000000e9c00000)
  from space 14848K, 61% used [0x00000000eab00000,0x00000000eb3f82b0,0x00000000eb980000)
  to   space 15360K, 0% used [0x00000000e9c00000,0x00000000e9c00000,0x00000000eab00000)
 ParOldGen       total 41984K, used 32681K [0x00000000a0000000, 0x00000000a2900000, 0x00000000e0000000)
  object space 41984K, 77% used [0x00000000a0000000,0x00000000a1fea498,0x00000000a2900000)
 Metaspace       used 57458K, capacity 58956K, committed 59096K, reserved 1099776K
  class space    used 7594K, capacity 7949K, committed 8064K, reserved 1048576K
}
Event: 107.987 GC heap before
{Heap before GC invocations=17 (full 3):
 PSYoungGen      total 174592K, used 9184K [0x00000000e0000000, 0x00000000ec000000, 0x0000000100000000)
  eden space 159744K, 0% used [0x00000000e0000000,0x00000000e0000000,0x00000000e9c00000)
  from space 14848K, 61% used [0x00000000eab00000,0x00000000eb3f82b0,0x00000000eb980000)
  to   space 15360K, 0% used [0x00000000e9c00000,0x00000000e9c00000,0x00000000eab00000)
 ParOldGen       total 41984K, used 32681K [0x00000000a0000000, 0x00000000a2900000, 0x00000000e0000000)
  object space 41984K, 77% used [0x00000000a0000000,0x00000000a1fea498,0x00000000a2900000)
 Metaspace       used 57458K, capacity 58956K, committed 59096K, reserved 1099776K
  class space    used 7594K, capacity 7949K, committed 8064K, reserved 1048576K
Event: 110.800 GC heap after
Heap after GC invocations=17 (full 3):
 PSYoungGen      total 174592K, used 0K [0x00000000e0000000, 0x00000000ec000000, 0x0000000100000000)
  eden space 159744K, 0% used [0x00000000e0000000,0x00000000e0000000,0x00000000e9c00000)
  from space 14848K, 0% used [0x00000000eab00000,0x00000000eab00000,0x00000000eb980000)
  to   space 15360K, 0% used [0x00000000e9c00000,0x00000000e9c00000,0x00000000eab00000)
 ParOldGen       total 70656K, used 32491K [0x00000000a0000000, 0x00000000a4500000, 0x00000000e0000000)
  object space 70656K, 45% used [0x00000000a0000000,0x00000000a1fbac68,0x00000000a4500000)
 Metaspace       used 57432K, capacity 58868K, committed 59096K, reserved 1099776K
  class space    used 7587K, capacity 7941K, committed 8064K, reserved 1048576K
}
Event: 129.796 GC heap before
{Heap before GC invocations=18 (full 3):
 PSYoungGen      total 174592K, used 159744K [0x00000000e0000000, 0x00000000ec000000, 0x0000000100000000)
  eden space 159744K, 100% used [0x00000000e0000000,0x00000000e9c00000,0x00000000e9c00000)
  from space 14848K, 0% used [0x00000000eab00000,0x00000000eab00000,0x00000000eb980000)
  to   space 15360K, 0% used [0x00000000e9c00000,0x00000000e9c00000,0x00000000eab00000)
 ParOldGen       total 70656K, used 32491K [0x00000000a0000000, 0x00000000a4500000, 0x00000000e0000000)
  object space 70656K, 45% used [0x00000000a0000000,0x00000000a1fbac68,0x00000000a4500000)
 Metaspace       used 64857K, capacity 66880K, committed 67072K, reserved 1107968K
  class space    used 8701K, capacity 9175K, committed 9216K, reserved 1048576K
Event: 132.285 GC heap after
Heap after GC invocations=18 (full 3):
 PSYoungGen      total 175104K, used 13223K [0x00000000e0000000, 0x00000000eec80000, 0x0000000100000000)
  eden space 159744K, 0% used [0x00000000e0000000,0x00000000e0000000,0x00000000e9c00000)
  from space 15360K, 86% used [0x00000000e9c00000,0x00000000ea8e9d28,0x00000000eab00000)
  to   space 16896K, 0% used [0x00000000edc00000,0x00000000edc00000,0x00000000eec80000)
 ParOldGen       total 70656K, used 32499K [0x00000000a0000000, 0x00000000a4500000, 0x00000000e0000000)
  object space 70656K, 45% used [0x00000000a0000000,0x00000000a1fbcc68,0x00000000a4500000)
 Metaspace       used 64857K, capacity 66880K, committed 67072K, reserved 1107968K
  class space    used 8701K, capacity 9175K, committed 9216K, reserved 1048576K
}
Event: 452.864 GC heap before
{Heap before GC invocations=19 (full 3):
 PSYoungGen      total 175104K, used 172967K [0x00000000e0000000, 0x00000000eec80000, 0x0000000100000000)
  eden space 159744K, 100% used [0x00000000e0000000,0x00000000e9c00000,0x00000000e9c00000)
  from space 15360K, 86% used [0x00000000e9c00000,0x00000000ea8e9d28,0x00000000eab00000)
  to   space 16896K, 0% used [0x00000000edc00000,0x00000000edc00000,0x00000000eec80000)
 ParOldGen       total 70656K, used 32499K [0x00000000a0000000, 0x00000000a4500000, 0x00000000e0000000)
  object space 70656K, 45% used [0x00000000a0000000,0x00000000a1fbcc68,0x00000000a4500000)
 Metaspace       used 72266K, capacity 74886K, committed 75008K, reserved 1114112K
  class space    used 9437K, capacity 9982K, committed 9984K, reserved 1048576K
Event: 464.291 GC heap after
Heap after GC invocations=19 (full 3):
 PSYoungGen      total 221184K, used 16879K [0x00000000e0000000, 0x00000000ef280000, 0x0000000100000000)
  eden space 204288K, 0% used [0x00000000e0000000,0x00000000e0000000,0x00000000ec780000)
  from space 16896K, 99% used [0x00000000edc00000,0x00000000eec7bc68,0x00000000eec80000)
  to   space 20992K, 0% used [0x00000000ec780000,0x00000000ec780000,0x00000000edc00000)
 ParOldGen       total 70656K, used 35645K [0x00000000a0000000, 0x00000000a4500000, 0x00000000e0000000)
  object space 70656K, 50% used [0x00000000a0000000,0x00000000a22cf568,0x00000000a4500000)
 Metaspace       used 72266K, capacity 74886K, committed 75008K, reserved 1114112K
  class space    used 9437K, capacity 9982K, committed 9984K, reserved 1048576K
}

